<?xml version="1.0" encoding="UTF-8"?>
<!-- Generated by org.testng.reporters.JUnitReportReporter -->
<testsuite skipped="0" hostname="LAPTOP-PP7LTPN0" name="com.webappsecurity.zero.TestScripts.VerifyTranferFundsTest" tests="1" failures="0" timestamp="07 Aug 2019 17:19:41 GMT" time="14.419" errors="0">
  <testcase name="verifyTranferFunds" time="14.419" classname="com.webappsecurity.zero.TestScripts.VerifyTranferFundsTest"/>
</testsuite> <!-- com.webappsecurity.zero.TestScripts.VerifyTranferFundsTest -->
