<?xml version="1.0" encoding="UTF-8"?>
<!-- Generated by org.testng.reporters.JUnitReportReporter -->
<testsuite skipped="0" hostname="LAPTOP-PP7LTPN0" name="com.webappsecurity.zero.TestScripts.VerifyLoginTest" tests="1" failures="0" timestamp="07 Aug 2019 17:19:41 GMT" time="12.698" errors="0">
  <testcase name="verifyLogin" time="12.698" classname="com.webappsecurity.zero.TestScripts.VerifyLoginTest"/>
</testsuite> <!-- com.webappsecurity.zero.TestScripts.VerifyLoginTest -->
